<?xml version="1.0" encoding="UTF-8"?>
<!-- Generated by org.testng.reporters.JUnitXMLReporter -->
<testsuite hostname="Anithas-MacBook-Pro.local" ignored="0" name="Default test" tests="2" failures="0" timestamp="12 Feb 2021 19:25:51 GMT" time="50.707" errors="0">
  <testcase name="verifyLandingPageTitleTest" time="10.107" classname="com.webapp.tests.LandingPageTest"/>
  <testcase name="verifyLogoutPageTitleTest" time="20.389" classname="com.webapp.tests.LandingPageTest"/>
</testsuite> <!-- Default test -->
