<?xml version="1.0" encoding="UTF-8"?>
<!-- Generated by org.testng.reporters.JUnitXMLReporter -->
<testsuite hostname="Anithas-MacBook-Pro.local" ignored="0" name="Test" tests="6" failures="0" timestamp="15 Feb 2021 19:04:49 GMT" time="150.208" errors="0">
  <testcase name="verifyLandingPageTitleTest" time="3.215" classname="com.webapp.tests.LandingPageTest"/>
  <testcase name="loginTest" time="2.884" classname="com.webapp.tests.LoginTest"/>
  <testcase name="loginTest" time="3.535" classname="com.webapp.tests.LoginTest"/>
  <testcase name="keywordLoginTest" time="11.269" classname="com.webapp.tests.KeywordLoginTest"/>
  <testcase name="verifyHomePageTitle" time="0.007" classname="com.webapp.tests.HomePageTest"/>
  <testcase name="verifyLogoutPageTitleTest" time="7.676" classname="com.webapp.tests.LandingPageTest"/>
</testsuite> <!-- Test -->
