<?xml version="1.0" encoding="UTF-8"?>
<testsuite xmlns:xsi="http://www.w3.org/2001/XMLSchema-instance" xsi:noNamespaceSchemaLocation="https://maven.apache.org/surefire/maven-surefire-plugin/xsd/surefire-test-report-3.0.xsd" version="3.0" name="TestSuite" time="151.044" tests="6" errors="0" skipped="0" failures="0">
  <properties>
[...]
</properties>
  <testcase name="verifyLandingPageTitleTest" classname="com.webapp.tests.LandingPageTest" time="3.215"/>
  <testcase name="verifyLogoutPageTitleTest" classname="com.webapp.tests.LandingPageTest" time="7.677"/>
  <testcase name="loginTest" classname="com.webapp.tests.LoginTest" time="2.884"/>
  <testcase name="loginTest" classname="com.webapp.tests.LoginTest" time="3.535"/>
  <testcase name="keywordLoginTest" classname="com.webapp.tests.KeywordLoginTest" time="11.269"/>
  <testcase name="verifyHomePageTitle" classname="com.webapp.tests.HomePageTest" time="0.006"/>
</testsuite>